mode: set
github.com/hoitek-go/middlewares/json/json.go:5.49,6.71 1 1
github.com/hoitek-go/middlewares/json/json.go:6.71,9.3 2 1
github.com/hoitek-go/middlewares/cors/cors.go:9.49,17.76 2 1
github.com/hoitek-go/middlewares/cors/cors.go:17.76,19.3 1 1
github.com/hoitek-go/middlewares/bodyLimit/bodyLimit.go:9.62,10.46 1 1
github.com/hoitek-go/middlewares/bodyLimit/bodyLimit.go:10.46,11.72 1 1
github.com/hoitek-go/middlewares/bodyLimit/bodyLimit.go:11.72,12.31 1 1
github.com/hoitek-go/middlewares/bodyLimit/bodyLimit.go:17.4,17.24 1 1
github.com/hoitek-go/middlewares/bodyLimit/bodyLimit.go:12.31,16.5 3 1
github.com/hoitek-go/middlewares/recover/recover.go:10.49,11.71 1 1
github.com/hoitek-go/middlewares/recover/recover.go:11.71,12.16 1 1
github.com/hoitek-go/middlewares/recover/recover.go:20.3,20.23 1 1
github.com/hoitek-go/middlewares/recover/recover.go:12.16,14.18 2 1
github.com/hoitek-go/middlewares/recover/recover.go:14.18,18.5 3 1
github.com/hoitek-go/middlewares/gzip/gzip.go:25.54,28.2 2 0
github.com/hoitek-go/middlewares/gzip/gzip.go:30.64,32.33 2 0
github.com/hoitek-go/middlewares/gzip/gzip.go:35.2,37.31 2 0
github.com/hoitek-go/middlewares/gzip/gzip.go:32.33,34.3 1 0
github.com/hoitek-go/middlewares/gzip/gzip.go:40.72,42.2 1 0
github.com/hoitek-go/middlewares/gzip/gzip.go:44.43,45.42 1 0
github.com/hoitek-go/middlewares/gzip/gzip.go:48.2,48.38 1 0
github.com/hoitek-go/middlewares/gzip/gzip.go:45.42,47.3 1 0
github.com/hoitek-go/middlewares/gzip/gzip.go:48.38,50.3 1 0
github.com/hoitek-go/middlewares/gzip/gzip.go:53.60,54.43 1 1
github.com/hoitek-go/middlewares/gzip/gzip.go:54.43,55.70 1 1
github.com/hoitek-go/middlewares/gzip/gzip.go:58.3,62.72 2 1
github.com/hoitek-go/middlewares/gzip/gzip.go:55.70,57.4 1 0
github.com/hoitek-go/middlewares/gzip/gzip.go:62.72,65.76 2 0
github.com/hoitek-go/middlewares/gzip/gzip.go:73.4,75.22 2 0
github.com/hoitek-go/middlewares/gzip/gzip.go:80.4,80.37 1 0
github.com/hoitek-go/middlewares/gzip/gzip.go:85.4,86.32 2 0
github.com/hoitek-go/middlewares/gzip/gzip.go:91.4,102.58 5 0
github.com/hoitek-go/middlewares/gzip/gzip.go:116.4,116.21 1 0
github.com/hoitek-go/middlewares/gzip/gzip.go:65.76,67.58 2 0
github.com/hoitek-go/middlewares/gzip/gzip.go:67.58,69.11 2 0
github.com/hoitek-go/middlewares/gzip/gzip.go:75.22,78.5 2 0
github.com/hoitek-go/middlewares/gzip/gzip.go:80.37,83.5 2 0
github.com/hoitek-go/middlewares/gzip/gzip.go:86.32,88.5 1 0
github.com/hoitek-go/middlewares/gzip/gzip.go:88.10,88.40 1 0
github.com/hoitek-go/middlewares/gzip/gzip.go:88.40,90.5 1 0
github.com/hoitek-go/middlewares/gzip/gzip.go:102.58,104.6 1 0
github.com/hoitek-go/middlewares/gzip/gzip.go:105.76,107.6 1 0
github.com/hoitek-go/middlewares/gzip/gzip.go:108.58,110.6 1 0
github.com/hoitek-go/middlewares/gzip/gzip.go:111.71,113.6 1 0
